  Using bundled DotNet SDK version: 6.0.302
  Running UnrealBuildTool: dotnet "..\..\Engine\Binaries\DotNET\UnrealBuildTool\UnrealBuildTool.dll" -Target="ODI_TestEditor Win64 Development -Project=\"D:\ODI_Test\ODI_Test.uproject\"" -Target="ShaderCompileWorker Win64 Development -Quiet" -WaitMutex -FromMsBuild
  Log file: D:\UGit\UnrealEngine\Engine\Programs\UnrealBuildTool\Log.txt
  Using 'git status' to determine working set for adaptive non-unity build (D:\UGit\UnrealEngine).
  Creating makefile for ODI_TestEditor (no existing makefile)
  Parsing headers for ODI_TestEditor
    Running Internal UnrealHeaderTool D:\ODI_Test\ODI_Test.uproject D:\ODI_Test\Intermediate\Build\Win64\ODI_TestEditor\Development\ODI_TestEditor.uhtmanifest -WarningsAsErrors
  Total of 4 written
  Reflection code generated for ODI_TestEditor in 2.194695 seconds
  Waiting for 'git status' command to complete
  Creating makefile for ShaderCompileWorker (no existing makefile)
  Building ODI_TestEditor and ShaderCompileWorker...
  Using Visual Studio 2019 14.29.30146 toolchain (C:\Program Files (x86)\Microsoft Visual Studio\2019\Community\VC\Tools\MSVC\14.29.30133) and Windows 10.0.20348.0 SDK (C:\Program Files (x86)\Windows Kits\10).
  [Upgrade]
  [Upgrade] Using backward-compatible include order. The latest version of UE has changed the order of includes, which may require code changes. The current setting is:
  [Upgrade]     IncludeOrderVersion = EngineIncludeOrderVersion.Unreal5_0
  [Upgrade] Suppress this message by setting 'IncludeOrderVersion = EngineIncludeOrderVersion.Unreal5_2;' in ODI_TestEditor.Target.cs.
  [Upgrade] Alternatively you can set this to 'EngineIncludeOrderVersion.Latest' to always use the latest include order. This will potentially cause compile errors when integrating new versions of the engine.
  [Upgrade]
  Determining max actions to execute in parallel (12 physical cores, 24 logical cores)
    Executing up to 12 processes, one per physical core
  Building 14 actions with 12 processes...
  [1/14] Compile [x64] StyleTransferBlueprintLibrary.gen.cpp
D:\ODI_Test\Source\ODI_Test\StyleTransferBlueprintLibrary.h(12): error C2079: 'UStyleTransferBlueprintLibrary' uses undefined class 'FPSTYLETRANSFER_API'
D:\ODI_Test\Source\ODI_Test\StyleTransferBlueprintLibrary.h(12): error C2143: syntax error: missing ';' before ':'
D:\ODI_Test\Source\ODI_Test\StyleTransferBlueprintLibrary.h(12): error C2059: syntax error: ':'
D:\ODI_Test\Source\ODI_Test\StyleTransferBlueprintLibrary.h(12): error C2059: syntax error: 'public'
D:\ODI_Test\Source\ODI_Test\StyleTransferBlueprintLibrary.h(13): error C2143: syntax error: missing ';' before '{'
D:\ODI_Test\Source\ODI_Test\StyleTransferBlueprintLibrary.h(13): error C2447: '{': missing function header (old-style formal list?)
D:\ODI_Test\Intermediate\Build\Win64\UnrealEditor\Inc\ODI_Test\UHT\StyleTransferBlueprintLibrary.gen.cpp(17): error C2027: use of undefined type 'UStyleTransferBlueprintLibrary'
  D:\ODI_Test\Intermediate\Build\Win64\UnrealEditor\Inc\ODI_Test\UHT\StyleTransferBlueprintLibrary.generated.h(100): note: see declaration of 'UStyleTransferBlueprintLibrary'
D:\ODI_Test\Intermediate\Build\Win64\UnrealEditor\Inc\ODI_Test\UHT\StyleTransferBlueprintLibrary.gen.cpp(22): error C2027: use of undefined type 'UStyleTransferBlueprintLibrary'
  D:\ODI_Test\Intermediate\Build\Win64\UnrealEditor\Inc\ODI_Test\UHT\StyleTransferBlueprintLibrary.generated.h(100): note: see declaration of 'UStyleTransferBlueprintLibrary'
D:\ODI_Test\Intermediate\Build\Win64\UnrealEditor\Inc\ODI_Test\UHT\StyleTransferBlueprintLibrary.gen.cpp(22): error C3861: 'SetStyle': identifier not found
D:\ODI_Test\Intermediate\Build\Win64\UnrealEditor\Inc\ODI_Test\UHT\StyleTransferBlueprintLibrary.gen.cpp(25): error C2027: use of undefined type 'UStyleTransferBlueprintLibrary'
  D:\ODI_Test\Intermediate\Build\Win64\UnrealEditor\Inc\ODI_Test\UHT\StyleTransferBlueprintLibrary.generated.h(100): note: see declaration of 'UStyleTransferBlueprintLibrary'
D:\ODI_Test\Intermediate\Build\Win64\UnrealEditor\Inc\ODI_Test\UHT\StyleTransferBlueprintLibrary.gen.cpp(27): error C2027: use of undefined type 'UStyleTransferBlueprintLibrary'
  D:\ODI_Test\Intermediate\Build\Win64\UnrealEditor\Inc\ODI_Test\UHT\StyleTransferBlueprintLibrary.generated.h(100): note: see declaration of 'UStyleTransferBlueprintLibrary'
D:\ODI_Test\Intermediate\Build\Win64\UnrealEditor\Inc\ODI_Test\UHT\StyleTransferBlueprintLibrary.gen.cpp(27): error C2672: 'StaticClass': no matching overloaded function found
D:\ODI_Test\Intermediate\Build\Win64\UnrealEditor\Inc\ODI_Test\UHT\StyleTransferBlueprintLibrary.gen.cpp(27): error C2783: 'UClass *StaticClass(void)': could not deduce template argument for 'ClassType'
  D:\UGit\UnrealEngine\Engine\Source\Runtime\CoreUObject\Public\UObject\ReflectedTypeAccessors.h(13): note: see declaration of 'StaticClass'
D:\ODI_Test\Intermediate\Build\Win64\UnrealEditor\Inc\ODI_Test\UHT\StyleTransferBlueprintLibrary.gen.cpp(29): error C2027: use of undefined type 'UStyleTransferBlueprintLibrary'
  D:\ODI_Test\Intermediate\Build\Win64\UnrealEditor\Inc\ODI_Test\UHT\StyleTransferBlueprintLibrary.generated.h(100): note: see declaration of 'UStyleTransferBlueprintLibrary'
D:\ODI_Test\Intermediate\Build\Win64\UnrealEditor\Inc\ODI_Test\UHT\StyleTransferBlueprintLibrary.gen.cpp(66): error C2027: use of undefined type 'UStyleTransferBlueprintLibrary'
  D:\ODI_Test\Intermediate\Build\Win64\UnrealEditor\Inc\ODI_Test\UHT\StyleTransferBlueprintLibrary.generated.h(100): note: see declaration of 'UStyleTransferBlueprintLibrary'
D:\ODI_Test\Intermediate\Build\Win64\UnrealEditor\Inc\ODI_Test\UHT\StyleTransferBlueprintLibrary.gen.cpp(66): error C3861: 'StaticPackage': identifier not found
D:\ODI_Test\Intermediate\Build\Win64\UnrealEditor\Inc\ODI_Test\UHT\StyleTransferBlueprintLibrary.gen.cpp(66): error C2065: 'StaticClassFlags': undeclared identifier
D:\ODI_Test\Intermediate\Build\Win64\UnrealEditor\Inc\ODI_Test\UHT\StyleTransferBlueprintLibrary.gen.cpp(66): error C2061: syntax error: identifier 'UStyleTransferBlueprintLibrary'
D:\ODI_Test\Intermediate\Build\Win64\UnrealEditor\Inc\ODI_Test\UHT\StyleTransferBlueprintLibrary.gen.cpp(69): error C2027: use of undefined type 'UStyleTransferBlueprintLibrary'
  D:\ODI_Test\Intermediate\Build\Win64\UnrealEditor\Inc\ODI_Test\UHT\StyleTransferBlueprintLibrary.generated.h(100): note: see declaration of 'UStyleTransferBlueprintLibrary'
D:\ODI_Test\Intermediate\Build\Win64\UnrealEditor\Inc\ODI_Test\UHT\StyleTransferBlueprintLibrary.gen.cpp(69): error C2672: 'StaticClass': no matching overloaded function found
D:\ODI_Test\Intermediate\Build\Win64\UnrealEditor\Inc\ODI_Test\UHT\StyleTransferBlueprintLibrary.gen.cpp(69): error C2783: 'UClass *StaticClass(void)': could not deduce template argument for 'ClassType'
  D:\UGit\UnrealEngine\Engine\Source\Runtime\CoreUObject\Public\UObject\ReflectedTypeAccessors.h(13): note: see declaration of 'StaticClass'
D:\ODI_Test\Intermediate\Build\Win64\UnrealEditor\Inc\ODI_Test\UHT\StyleTransferBlueprintLibrary.gen.cpp(95): error C2923: 'TCppClassTypeTraits': 'UStyleTransferBlueprintLibrary' is not a valid template type argument for parameter 'CPPCLASS'
  D:\ODI_Test\Source\ODI_Test\StyleTransferBlueprintLibrary.h(12): note: see declaration of 'UStyleTransferBlueprintLibrary'
D:\ODI_Test\Intermediate\Build\Win64\UnrealEditor\Inc\ODI_Test\UHT\StyleTransferBlueprintLibrary.gen.cpp(95): error C2955: 'TCppClassTypeTraits': use of class template requires template argument list
  D:\UGit\UnrealEngine\Engine\Source\Runtime\CoreUObject\Public\UObject\Class.h(2463): note: see declaration of 'TCppClassTypeTraits'
D:\ODI_Test\Intermediate\Build\Win64\UnrealEditor\Inc\ODI_Test\UHT\StyleTransferBlueprintLibrary.gen.cpp(95): error C4800: Implicit conversion from 'TCppClassTypeTraits<CPPCLASS>::<unnamed-enum-IsAbstract>' to bool. Possible information loss
  D:\ODI_Test\Intermediate\Build\Win64\UnrealEditor\Inc\ODI_Test\UHT\StyleTransferBlueprintLibrary.gen.cpp(96): note: consider using explicit cast or comparison to 0 to avoid this warning
  D:\UGit\UnrealEngine\Engine\Source\Runtime\CoreUObject\Public\UObject\Class.h(2466): note: see declaration of 'TCppClassTypeTraits<CPPCLASS>::<unnamed-enum-IsAbstract>'
D:\ODI_Test\Intermediate\Build\Win64\UnrealEditor\Inc\ODI_Test\UHT\StyleTransferBlueprintLibrary.gen.cpp(96): warning C4305: 'initializing': truncation from 'TCppClassTypeTraits<CPPCLASS>::<unnamed-enum-IsAbstract>' to 'bool'
D:\ODI_Test\Intermediate\Build\Win64\UnrealEditor\Inc\ODI_Test\UHT\StyleTransferBlueprintLibrary.gen.cpp(98): error C2027: use of undefined type 'UStyleTransferBlueprintLibrary'
  D:\ODI_Test\Intermediate\Build\Win64\UnrealEditor\Inc\ODI_Test\UHT\StyleTransferBlueprintLibrary.generated.h(100): note: see declaration of 'UStyleTransferBlueprintLibrary'
D:\ODI_Test\Intermediate\Build\Win64\UnrealEditor\Inc\ODI_Test\UHT\StyleTransferBlueprintLibrary.gen.cpp(98): error C2440: 'initializing': cannot convert from 'overloaded-function' to 'UClass *(__cdecl *)(void)'
  D:\ODI_Test\Intermediate\Build\Win64\UnrealEditor\Inc\ODI_Test\UHT\StyleTransferBlueprintLibrary.gen.cpp(98): note: None of the functions with this name in scope match the target type
D:\ODI_Test\Intermediate\Build\Win64\UnrealEditor\Inc\ODI_Test\UHT\StyleTransferBlueprintLibrary.gen.cpp(121): error C2912: explicit specialization 'UClass *StaticClass<UStyleTransferBlueprintLibrary>(void)' is not a specialization of a function template
D:\ODI_Test\Intermediate\Build\Win64\UnrealEditor\Inc\ODI_Test\UHT\StyleTransferBlueprintLibrary.gen.cpp(122): error C2027: use of undefined type 'UStyleTransferBlueprintLibrary'
  D:\ODI_Test\Intermediate\Build\Win64\UnrealEditor\Inc\ODI_Test\UHT\StyleTransferBlueprintLibrary.generated.h(100): note: see declaration of 'UStyleTransferBlueprintLibrary'
D:\ODI_Test\Intermediate\Build\Win64\UnrealEditor\Inc\ODI_Test\UHT\StyleTransferBlueprintLibrary.gen.cpp(122): error C2672: 'StaticClass': no matching overloaded function found
D:\ODI_Test\Intermediate\Build\Win64\UnrealEditor\Inc\ODI_Test\UHT\StyleTransferBlueprintLibrary.gen.cpp(122): error C2783: 'UClass *StaticClass(void)': could not deduce template argument for 'ClassType'
  D:\UGit\UnrealEngine\Engine\Source\Runtime\CoreUObject\Public\UObject\ReflectedTypeAccessors.h(13): note: see declaration of 'StaticClass'
D:\ODI_Test\Intermediate\Build\Win64\UnrealEditor\Inc\ODI_Test\UHT\StyleTransferBlueprintLibrary.gen.cpp(124): error C2027: use of undefined type 'UStyleTransferBlueprintLibrary'
  D:\ODI_Test\Intermediate\Build\Win64\UnrealEditor\Inc\ODI_Test\UHT\StyleTransferBlueprintLibrary.generated.h(100): note: see declaration of 'UStyleTransferBlueprintLibrary'
D:\ODI_Test\Intermediate\Build\Win64\UnrealEditor\Inc\ODI_Test\UHT\StyleTransferBlueprintLibrary.gen.cpp(124): error C4430: missing type specifier - int assumed. Note: C++ does not support default-int
D:\ODI_Test\Intermediate\Build\Win64\UnrealEditor\Inc\ODI_Test\UHT\StyleTransferBlueprintLibrary.gen.cpp(124): error C2550: '{ctor}': constructor initializer lists are only allowed on constructor definitions
D:\ODI_Test\Intermediate\Build\Win64\UnrealEditor\Inc\ODI_Test\UHT\StyleTransferBlueprintLibrary.gen.cpp(124): error C4508: '{ctor}': function should return a value; 'void' return type assumed
D:\ODI_Test\Intermediate\Build\Win64\UnrealEditor\Inc\ODI_Test\UHT\StyleTransferBlueprintLibrary.gen.cpp(125): error C2027: use of undefined type 'UStyleTransferBlueprintLibrary'
  D:\ODI_Test\Intermediate\Build\Win64\UnrealEditor\Inc\ODI_Test\UHT\StyleTransferBlueprintLibrary.generated.h(100): note: see declaration of 'UStyleTransferBlueprintLibrary'
D:\ODI_Test\Intermediate\Build\Win64\UnrealEditor\Inc\ODI_Test\UHT\StyleTransferBlueprintLibrary.gen.cpp(125): error C4430: missing type specifier - int assumed. Note: C++ does not support default-int
D:\ODI_Test\Intermediate\Build\Win64\UnrealEditor\Inc\ODI_Test\UHT\StyleTransferBlueprintLibrary.gen.cpp(125): error C4508: '{dtor}': function should return a value; 'void' return type assumed
D:\ODI_Test\Intermediate\Build\Win64\UnrealEditor\Inc\ODI_Test\UHT\StyleTransferBlueprintLibrary.gen.cpp(131): error C2027: use of undefined type 'UStyleTransferBlueprintLibrary'
  D:\ODI_Test\Intermediate\Build\Win64\UnrealEditor\Inc\ODI_Test\UHT\StyleTransferBlueprintLibrary.generated.h(100): note: see declaration of 'UStyleTransferBlueprintLibrary'
D:\ODI_Test\Intermediate\Build\Win64\UnrealEditor\Inc\ODI_Test\UHT\StyleTransferBlueprintLibrary.gen.cpp(131): error C2440: 'initializing': cannot convert from 'UClass *(__cdecl *)(void)' to 'UClass *(__cdecl *)(void)'
  D:\ODI_Test\Intermediate\Build\Win64\UnrealEditor\Inc\ODI_Test\UHT\StyleTransferBlueprintLibrary.gen.cpp(131): note: None of the functions with this name in scope match the target type
  [2/14] Compile [x64] MyClass.cpp
  [3/14] Compile [x64] ODI_Test.init.gen.cpp
  [4/14] Compile [x64] ODI_Test.cpp
  [5/14] Compile [x64] RealtimeStyleTransferViewExtension.cpp
D:\ODI_Test\Plugins\OnnxDirectmlInference\Source\ODI\Public\Network.h(8): fatal error C1083: Cannot open include file: 'ODIRHI.h': No such file or directory
  [6/14] Compile [x64] TensorTextureTranslate.cpp
D:\ODI_Test\Source\ODI_Test\TensorTextureTranslate.cpp(99): error C2027: use of undefined type 'FViewInfo'
  D:\UGit\UnrealEngine\Engine\Source\Runtime\Engine\Public\SceneInterface.h(46): note: see declaration of 'FViewInfo'
D:\ODI_Test\Source\ODI_Test\TensorTextureTranslate.cpp(99): error C2512: 'TShaderMapRef<FTexture2TensorCS>::TShaderMapRef': no appropriate default constructor available
D:\ODI_Test\Source\ODI_Test\TensorTextureTranslate.cpp(137): error C2027: use of undefined type 'FViewInfo'
  D:\UGit\UnrealEngine\Engine\Source\Runtime\Engine\Public\SceneInterface.h(46): note: see declaration of 'FViewInfo'
D:\ODI_Test\Source\ODI_Test\TensorTextureTranslate.cpp(137): error C2512: 'TShaderMapRef<FTensor2TextureCS>::TShaderMapRef': no appropriate default constructor available
  [7/14] Compile [x64] FPStyleTransfer.cpp
D:\ODI_Test\Plugins\OnnxDirectmlInference\Source\ODI\Public\Network.h(8): fatal error C1083: Cannot open include file: 'ODIRHI.h': No such file or directory
  [8/14] Compile [x64] StyleTransferBlueprintLibrary.cpp
D:\ODI_Test\Source\ODI_Test\StyleTransferBlueprintLibrary.h(12): error C2079: 'UStyleTransferBlueprintLibrary' uses undefined class 'FPSTYLETRANSFER_API'
D:\ODI_Test\Source\ODI_Test\StyleTransferBlueprintLibrary.h(12): error C2143: syntax error: missing ';' before ':'
D:\ODI_Test\Source\ODI_Test\StyleTransferBlueprintLibrary.h(12): error C2059: syntax error: ':'
D:\ODI_Test\Source\ODI_Test\StyleTransferBlueprintLibrary.h(12): error C2059: syntax error: 'public'
D:\ODI_Test\Source\ODI_Test\StyleTransferBlueprintLibrary.h(13): error C2143: syntax error: missing ';' before '{'
D:\ODI_Test\Source\ODI_Test\StyleTransferBlueprintLibrary.h(13): error C2447: '{': missing function header (old-style formal list?)
D:\ODI_Test\Plugins\OnnxDirectmlInference\Source\ODI\Public\Network.h(8): fatal error C1083: Cannot open include file: 'ODIRHI.h': No such file or directory
  [9/14] Link [x64] UnrealEditor-ODI_Test.lib cancelled
  [10/14] Compile [x64] Module.ODI.cpp
D:\ODI_Test\Plugins\OnnxDirectmlInference\Source\ODI\Private\Network.cpp(38): warning C4996: 'std::codecvt_utf8<wchar_t,1114111,(std::codecvt_mode)0>': warning STL4017: std::wbuffer_convert, std::wstring_convert, and the <codecvt> header (containing std::codecvt_mode, std::codecvt_utf8, std::codecvt_utf16, and std::codecvt_utf8_utf16) are deprecated in C++17. (The std::codecvt class template is NOT deprecated.) The C++ Standard doesn't provide equivalent non-deprecated functionality; consider using MultiByteToWideChar() and WideCharToMultiByte() from <Windows.h> instead. You can define _SILENCE_CXX17_CODECVT_HEADER_DEPRECATION_WARNING or _SILENCE_ALL_CXX17_DEPRECATION_WARNINGS to acknowledge that you have received this warning.
  C:\Program Files (x86)\Microsoft Visual Studio\2019\Community\VC\Tools\MSVC\14.29.30133\INCLUDE\codecvt(33): note: see declaration of 'std::codecvt_utf8'
D:\ODI_Test\Plugins\OnnxDirectmlInference\Source\ODI\Private\Network.cpp(39): warning C4996: 'std::wstring_convert<convert_type,wchar_t,std::allocator<wchar_t>,std::allocator<char>>': warning STL4017: std::wbuffer_convert, std::wstring_convert, and the <codecvt> header (containing std::codecvt_mode, std::codecvt_utf8, std::codecvt_utf16, and std::codecvt_utf8_utf16) are deprecated in C++17. (The std::codecvt class template is NOT deprecated.) The C++ Standard doesn't provide equivalent non-deprecated functionality; consider using MultiByteToWideChar() and WideCharToMultiByte() from <Windows.h> instead. You can define _SILENCE_CXX17_CODECVT_HEADER_DEPRECATION_WARNING or _SILENCE_ALL_CXX17_DEPRECATION_WARNINGS to acknowledge that you have received this warning.
  C:\Program Files (x86)\Microsoft Visual Studio\2019\Community\VC\Tools\MSVC\14.29.30133\INCLUDE\xlocbuf(300): note: see declaration of 'std::wstring_convert'
D:\ODI_Test\Plugins\OnnxDirectmlInference\Source\ODI\Private\Network.cpp(39): warning C4996: 'std::wstring_convert<convert_type,wchar_t,std::allocator<wchar_t>,std::allocator<char>>::wstring_convert': warning STL4017: std::wbuffer_convert, std::wstring_convert, and the <codecvt> header (containing std::codecvt_mode, std::codecvt_utf8, std::codecvt_utf16, and std::codecvt_utf8_utf16) are deprecated in C++17. (The std::codecvt class template is NOT deprecated.) The C++ Standard doesn't provide equivalent non-deprecated functionality; consider using MultiByteToWideChar() and WideCharToMultiByte() from <Windows.h> instead. You can define _SILENCE_CXX17_CODECVT_HEADER_DEPRECATION_WARNING or _SILENCE_ALL_CXX17_DEPRECATION_WARNINGS to acknowledge that you have received this warning.
D:\ODI_Test\Plugins\OnnxDirectmlInference\Source\ODI\Private\Network.cpp(42): warning C4996: 'std::wstring_convert<convert_type,wchar_t,std::allocator<wchar_t>,std::allocator<char>>::to_bytes': warning STL4017: std::wbuffer_convert, std::wstring_convert, and the <codecvt> header (containing std::codecvt_mode, std::codecvt_utf8, std::codecvt_utf16, and std::codecvt_utf8_utf16) are deprecated in C++17. (The std::codecvt class template is NOT deprecated.) The C++ Standard doesn't provide equivalent non-deprecated functionality; consider using MultiByteToWideChar() and WideCharToMultiByte() from <Windows.h> instead. You can define _SILENCE_CXX17_CODECVT_HEADER_DEPRECATION_WARNING or _SILENCE_ALL_CXX17_DEPRECATION_WARNINGS to acknowledge that you have received this warning.
  [11/14] Link [x64] UnrealEditor-ODI.lib
     Creating library D:\ODI_Test\Plugins\OnnxDirectmlInference\Intermediate\Build\Win64\x64\UnrealEditor\Development\ODI\UnrealEditor-ODI.lib and object D:\ODI_Test\Plugins\OnnxDirectmlInference\Intermediate\Build\Win64\x64\UnrealEditor\Development\ODI\UnrealEditor-ODI.exp
  [12/14] Link [x64] UnrealEditor-ODI_Test.dll cancelled
  [13/14] Link [x64] UnrealEditor-ODI.dll
     Creating library D:\ODI_Test\Plugins\OnnxDirectmlInference\Intermediate\Build\Win64\x64\UnrealEditor\Development\ODI\UnrealEditor-ODI.suppressed.lib and object D:\ODI_Test\Plugins\OnnxDirectmlInference\Intermediate\Build\Win64\x64\UnrealEditor\Development\ODI\UnrealEditor-ODI.suppressed.exp
  [14/14] WriteMetadata ODI_TestEditor.target cancelled
C:\Program Files (x86)\Microsoft Visual Studio\2019\Community\MSBuild\Microsoft\VC\v160\Microsoft.MakeFile.Targets(45,5): error MSB3073: The command "D:\UGit\UnrealEngine\Engine\Build\BatchFiles\Build.bat -Target="ODI_TestEditor Win64 Development -Project=\"D:\ODI_Test\ODI_Test.uproject\"" -Target="ShaderCompileWorker Win64 Development -Quiet" -WaitMutex -FromMsBuild" exited with code 6.
